1630204233959	geckodriver	INFO	Listening on 127.0.0.1:65220
1630204238706	mozrunner::runner	INFO	Running command: "Users\\aesc\\Library\\Application Support\\Firefox" "--marionette" "-headless" "-foreground" "-no-remote" "-profile" "Profiles\\pc68n4mg.Standard-Benutzer-1642114627719"
*** You are running in headless mode.
1630204239865	Marionette	INFO	Marionette enabled
[GFX1-]: RenderCompositorSWGL failed mapping default framebuffer, no dt
console.log: WebExtensions: reset-default-search: starting.
console.log: WebExtensions: reset-default-search: has already ran once and saw panel, exit.
1630204240982	Marionette	INFO	Listening on port 65228
console.log: WebExtensions: reset-default-search: starting.
console.log: WebExtensions: reset-default-search: has already ran once and saw panel, exit.
1630204241392	RemoteAgent	WARN	TLS certificate errors will be ignored for this session
JavaScript warning: https://www.tradingview.com/static/bundles/313.4fc946359c3371983dde.js, line 11: unreachable code after return statement
JavaScript error: , line 0: NS_ERROR_NOT_AVAILABLE
JavaScript error: https://www.tradingview.com/static/bundles/156.4b1b4b078a8349fe43e5.js, line 11: TypeError: i.filter is not a function
d" "-no-remote" "-profile" "Users\\aesc\\Library\\Application Support\\Firefox/Profiles\\pc68n4mg.Standard-Benutzer-1642114627719"
1630204554566	Marionette	INFO	Marionette enabled
console.log: WebExtensions: reset-default-search: starting.
console.log: WebExtensions: reset-default-search: has already ran once and saw panel, exit.
1630204555922	Marionette	INFO	Listening on port 56999
console.log: WebExtensions: reset-default-search: starting.
console.log: WebExtensions: reset-default-search: has already ran once and saw panel, exit.
1630204556347	RemoteAgent	WARN	TLS certificate errors will be ignored for this session
JavaScript warning: https://www.tradingview.com/static/bundles/313.4fc946359c3371983dde.js, line 11: unreachable code after return statement
1630204797373	Marionette	INFO	Stopped listening on port 56999
JavaScript error: resource:///modules/Interactions.jsm, line 209: NS_ERROR_FAILURE: Component returned failure code: 0x80004005 (NS_ERROR_FAILURE) [nsIUserIdleService.removeIdleObserver]
JavaScript error: chrome://remote/content/marionette/cert.js, line 55: NS_ERROR_NOT_AVAILABLE: Component returned failure code: 0x80040111 (NS_ERROR_NOT_AVAILABLE) [nsICertOverrideService.setDisableAllSecurityChecksAndLetAttackersInterceptMyData]

###!!! [Parent][RunMessage] Error: Channel closing: too late to send/recv, messages will be lost

JavaScript error: resource://services-sync/engines/extension-storage.js, line 53: TypeError: Svc.Prefs is undefined
1630204805914	geckodriver	INFO	Listening on 127.0.0.1:64899
1630204810592	mozrunner::runner	INFO	Running command: "Users\\aesc\\Library\\Application Support\\Firefox" "--marionette" "-headless" "-foreground" "-no-remote" "-profile" "Profiles\\pc68n4mg.Standard-Benutzer-1642114627719
1630204811016	Marionette	INFO	Marionette enabled
console.log: WebExtensions: reset-default-search: starting.
console.log: WebExtensions: reset-default-search: has already ran once and saw panel, exit.
1630204812116	Marionette	INFO	Listening on port 63997
[Parent 29600, IPC I/O Parent] WARNING: file /builds/worker/checkouts/gecko/ipc/chromium/src/base/process_util_win.cc:167
console.log: WebExtensions: reset-default-search: starting.
console.log: WebExtensions: reset-default-search: has already ran once and saw panel, exit.
1630204812635	RemoteAgent	WARN	TLS certificate errors will be ignored for this session
JavaScript warning: https://www.tradingview.com/static/bundles/313.4fc946359c3371983dde.js, line 11: unreachable code after return statement
1630204820842	Marionette	WARN	TimedPromise timed out after 500 ms: stacktrace:
TimedPromise/<@chrome://remote/content/marionette/sync.js:238:19
TimedPromise@chrome://remote/content/marionette/sync.js:223:10
interaction.flushEventLoop@chrome://remote/content/marionette/interaction.js:431:10
webdriverClickElement@chrome://remote/content/marionette/interaction.js:179:31
1630204822169	Marionette	WARN	TimedPromise timed out after 500 ms: stacktrace:
TimedPromise/<@chrome://remote/content/marionette/sync.js:238:19
TimedPromise@chrome://remote/content/marionette/sync.js:223:10
interaction.flushEventLoop@chrome://remote/content/marionette/interaction.js:431:10
webdriverClickElement@chrome://remote/content/marionette/interaction.js:179:31
1630204823417	Marionette	WARN	TimedPromise timed out after 500 ms: stacktrace:
TimedPromise/<@chrome://remote/content/marionette/sync.js:238:19
TimedPromise@chrome://remote/content/marionette/sync.js:223:10
interaction.flushEventLoop@chrome://remote/content/marionette/interaction.js:431:10
webdriverClickElement@chrome://remote/content/marionette/interaction.js:179:31
1630204824742	Marionette	WARN	TimedPromise timed out after 500 ms: stacktrace:
TimedPromise/<@chrome://remote/content/marionette/sync.js:238:19
TimedPromise@chrome://remote/content/marionette/sync.js:223:10
interaction.flushEventLoop@chrome://remote/content/marionette/interaction.js:431:10
webdriverClickElement@chrome://remote/content/marionette/interaction.js:179:31
1630204851415	Marionette	WARN	TimedPromise timed out after 500 ms: stacktrace:
TimedPromise/<@chrome://remote/content/marionette/sync.js:238:19
TimedPromise@chrome://remote/content/marionette/sync.js:223:10
interaction.flushEventLoop@chrome://remote/content/marionette/interaction.js:431:10
webdriverClickElement@chrome://remote/content/marionette/interaction.js:179:31
1630204852679	Marionette	WARN	TimedPromise timed out after 500 ms: stacktrace:
TimedPromise/<@chrome://remote/content/marionette/sync.js:238:19
TimedPromise@chrome://remote/content/marionette/sync.js:223:10
interaction.flushEventLoop@chrome://remote/content/marionette/interaction.js:431:10
webdriverClickElement@chrome://remote/content/marionette/interaction.js:179:31
1630204855917	Marionette	WARN	TimedPromise timed out after 500 ms: stacktrace:
TimedPromise/<@chrome://remote/content/marionette/sync.js:238:19
TimedPromise@chrome://remote/content/marionette/sync.js:223:10
interaction.flushEventLoop@chrome://remote/content/marionette/interaction.js:431:10
webdriverClickElement@chrome://remote/content/marionette/interaction.js:179:31
1630204870504	Marionette	WARN	TimedPromise timed out after 500 ms: stacktrace:
TimedPromise/<@chrome://remote/content/marionette/sync.js:238:19
TimedPromise@chrome://remote/content/marionette/sync.js:223:10
interaction.flushEventLoop@chrome://remote/content/marionette/interaction.js:431:10
webdriverClickElement@chrome://remote/content/marionette/interaction.js:179:31
1630204871770	Marionette	WARN	TimedPromise timed out after 500 ms: stacktrace:
TimedPromise/<@chrome://remote/content/marionette/sync.js:238:19
TimedPromise@chrome://remote/content/marionette/sync.js:223:10
interaction.flushEventLoop@chrome://remote/content/marionette/interaction.js:431:10
webdriverClickElement@chrome://remote/content/marionette/interaction.js:179:31
1630204875296	Marionette	WARN	TimedPromise timed out after 500 ms: stacktrace:
TimedPromise/<@chrome://remote/content/marionette/sync.js:238:19
TimedPromise@chrome://remote/content/marionette/sync.js:223:10
interaction.flushEventLoop@chrome://remote/content/marionette/interaction.js:431:10
webdriverClickElement@chrome://remote/content/marionette/interaction.js:179:31
1630204876556	Marionette	WARN	TimedPromise timed out after 500 ms: stacktrace:
TimedPromise/<@chrome://remote/content/marionette/sync.js:238:19
TimedPromise@chrome://remote/content/marionette/sync.js:223:10
interaction.flushEventLoop@chrome://remote/content/marionette/interaction.js:431:10
webdriverClickElement@chrome://remote/content/marionette/interaction.js:179:31
1630204877875	Marionette	WARN	TimedPromise timed out after 500 ms: stacktrace:
TimedPromise/<@chrome://remote/content/marionette/sync.js:238:19
TimedPromise@chrome://remote/content/marionette/sync.js:223:10
interaction.flushEventLoop@chrome://remote/content/marionette/interaction.js:431:10
webdriverClickElement@chrome://remote/content/marionette/interaction.js:179:31
1630204883349	Marionette	WARN	TimedPromise timed out after 500 ms: stacktrace:
TimedPromise/<@chrome://remote/content/marionette/sync.js:238:19
TimedPromise@chrome://remote/content/marionette/sync.js:223:10
interaction.flushEventLoop@chrome://remote/content/marionette/interaction.js:431:10
webdriverClickElement@chrome://remote/content/marionette/interaction.js:179:31
1630204884725	Marionette	WARN	TimedPromise timed out after 500 ms: stacktrace:
TimedPromise/<@chrome://remote/content/marionette/sync.js:238:19
TimedPromise@chrome://remote/content/marionette/sync.js:223:10
interaction.flushEventLoop@chrome://remote/content/marionette/interaction.js:431:10
webdriverClickElement@chrome://remote/content/marionette/interaction.js:179:31
1630204892125	Marionette	WARN	TimedPromise timed out after 500 ms: stacktrace:
TimedPromise/<@chrome://remote/content/marionette/sync.js:238:19
TimedPromise@chrome://remote/content/marionette/sync.js:223:10
interaction.flushEventLoop@chrome://remote/content/marionette/interaction.js:431:10
webdriverClickElement@chrome://remote/content/marionette/interaction.js:179:31
1630204893471	Marionette	WARN	TimedPromise timed out after 500 ms: stacktrace:
TimedPromise/<@chrome://remote/content/marionette/sync.js:238:19
TimedPromise@chrome://remote/content/marionette/sync.js:223:10
interaction.flushEventLoop@chrome://remote/content/marionette/interaction.js:431:10
webdriverClickElement@chrome://remote/content/marionette/interaction.js:179:31
1630204901932	Marionette	WARN	TimedPromise timed out after 500 ms: stacktrace:
TimedPromise/<@chrome://remote/content/marionette/sync.js:238:19
TimedPromise@chrome://remote/content/marionette/sync.js:223:10
interaction.flushEventLoop@chrome://remote/content/marionette/interaction.js:431:10
webdriverClickElement@chrome://remote/content/marionette/interaction.js:179:31
1630204903199	Marionette	WARN	TimedPromise timed out after 500 ms: stacktrace:
TimedPromise/<@chrome://remote/content/marionette/sync.js:238:19
TimedPromise@chrome://remote/content/marionette/sync.js:223:10
interaction.flushEventLoop@chrome://remote/content/marionette/interaction.js:431:10
webdriverClickElement@chrome://remote/content/marionette/interaction.js:179:31
1630204913821	Marionette	WARN	TimedPromise timed out after 500 ms: stacktrace:
TimedPromise/<@chrome://remote/content/marionette/sync.js:238:19
TimedPromise@chrome://remote/content/marionette/sync.js:223:10
interaction.flushEventLoop@chrome://remote/content/marionette/interaction.js:431:10
webdriverClickElement@chrome://remote/content/marionette/interaction.js:179:31
1630204915133	Marionette	WARN	TimedPromise timed out after 500 ms: stacktrace:
TimedPromise/<@chrome://remote/content/marionette/sync.js:238:19
TimedPromise@chrome://remote/content/marionette/sync.js:223:10
interaction.flushEventLoop@chrome://remote/content/marionette/interaction.js:431:10
webdriverClickElement@chrome://remote/content/marionette/interaction.js:179:31
1630204916384	Marionette	WARN	TimedPromise timed out after 500 ms: stacktrace:
TimedPromise/<@chrome://remote/content/marionette/sync.js:238:19
TimedPromise@chrome://remote/content/marionette/sync.js:223:10
interaction.flushEventLoop@chrome://remote/content/marionette/interaction.js:431:10
webdriverClickElement@chrome://remote/content/marionette/interaction.js:179:31
1630204917706	Marionette	WARN	TimedPromise timed out after 500 ms: stacktrace:
TimedPromise/<@chrome://remote/content/marionette/sync.js:238:19
TimedPromise@chrome://remote/content/marionette/sync.js:223:10
interaction.flushEventLoop@chrome://remote/content/marionette/interaction.js:431:10
webdriverClickElement@chrome://remote/content/marionette/interaction.js:179:31
1630204925158	Marionette	WARN	TimedPromise timed out after 500 ms: stacktrace:
TimedPromise/<@chrome://remote/content/marionette/sync.js:238:19
TimedPromise@chrome://remote/content/marionette/sync.js:223:10
interaction.flushEventLoop@chrome://remote/content/marionette/interaction.js:431:10
webdriverClickElement@chrome://remote/content/marionette/interaction.js:179:31
1630204926567	Marionette	WARN	TimedPromise timed out after 500 ms: stacktrace:
TimedPromise/<@chrome://remote/content/marionette/sync.js:238:19
TimedPromise@chrome://remote/content/marionette/sync.js:223:10
interaction.flushEventLoop@chrome://remote/content/marionette/interaction.js:431:10
webdriverClickElement@chrome://remote/content/marionette/interaction.js:179:31
1630204927819	Marionette	WARN	TimedPromise timed out after 500 ms: stacktrace:
TimedPromise/<@chrome://remote/content/marionette/sync.js:238:19
TimedPromise@chrome://remote/content/marionette/sync.js:223:10
interaction.flushEventLoop@chrome://remote/content/marionette/interaction.js:431:10
webdriverClickElement@chrome://remote/content/marionette/interaction.js:179:31
1630204929143	Marionette	WARN	TimedPromise timed out after 500 ms: stacktrace:
TimedPromise/<@chrome://remote/content/marionette/sync.js:238:19
TimedPromise@chrome://remote/content/marionette/sync.js:223:10
interaction.flushEventLoop@chrome://remote/content/marionette/interaction.js:431:10
webdriverClickElement@chrome://remote/content/marionette/interaction.js:179:31
1630204930411	Marionette	WARN	TimedPromise timed out after 500 ms: stacktrace:
TimedPromise/<@chrome://remote/content/marionette/sync.js:238:19
TimedPromise@chrome://remote/content/marionette/sync.js:223:10
interaction.flushEventLoop@chrome://remote/content/marionette/interaction.js:431:10
webdriverClickElement@chrome://remote/content/marionette/interaction.js:179:31
1630204931734	Marionette	WARN	TimedPromise timed out after 500 ms: stacktrace:
TimedPromise/<@chrome://remote/content/marionette/sync.js:238:19
TimedPromise@chrome://remote/content/marionette/sync.js:223:10
interaction.flushEventLoop@chrome://remote/content/marionette/interaction.js:431:10
webdriverClickElement@chrome://remote/content/marionette/interaction.js:179:31
1630204934887	Marionette	WARN	TimedPromise timed out after 500 ms: stacktrace:
TimedPromise/<@chrome://remote/content/marionette/sync.js:238:19
TimedPromise@chrome://remote/content/marionette/sync.js:223:10
interaction.flushEventLoop@chrome://remote/content/marionette/interaction.js:431:10
webdriverClickElement@chrome://remote/content/marionette/interaction.js:179:31
1630204936197	Marionette	WARN	TimedPromise timed out after 500 ms: stacktrace:
TimedPromise/<@chrome://remote/content/marionette/sync.js:238:19
TimedPromise@chrome://remote/content/marionette/sync.js:223:10
interaction.flushEventLoop@chrome://remote/content/marionette/interaction.js:431:10
webdriverClickElement@chrome://remote/content/marionette/interaction.js:179:31
1630204938551	Marionette	WARN	TimedPromise timed out after 500 ms: stacktrace:
TimedPromise/<@chrome://remote/content/marionette/sync.js:238:19
TimedPromise@chrome://remote/content/marionette/sync.js:223:10
interaction.flushEventLoop@chrome://remote/content/marionette/interaction.js:431:10
webdriverClickElement@chrome://remote/content/marionette/interaction.js:179:31
1630204939801	Marionette	WARN	TimedPromise timed out after 500 ms: stacktrace:
TimedPromise/<@chrome://remote/content/marionette/sync.js:238:19
TimedPromise@chrome://remote/content/marionette/sync.js:223:10
interaction.flushEventLoop@chrome://remote/content/marionette/interaction.js:431:10
webdriverClickElement@chrome://remote/content/marionette/interaction.js:179:31
1630204941098	Marionette	WARN	TimedPromise timed out after 500 ms: stacktrace:
TimedPromise/<@chrome://remote/content/marionette/sync.js:238:19
TimedPromise@chrome://remote/content/marionette/sync.js:223:10
interaction.flushEventLoop@chrome://remote/content/marionette/interaction.js:431:10
webdriverClickElement@chrome://remote/content/marionette/interaction.js:179:31
1630204947882	Marionette	WARN	TimedPromise timed out after 500 ms: stacktrace:
TimedPromise/<@chrome://remote/content/marionette/sync.js:238:19
TimedPromise@chrome://remote/content/marionette/sync.js:223:10
interaction.flushEventLoop@chrome://remote/content/marionette/interaction.js:431:10
webdriverClickElement@chrome://remote/content/marionette/interaction.js:179:31
1630204949143	Marionette	WARN	TimedPromise timed out after 500 ms: stacktrace:
TimedPromise/<@chrome://remote/content/marionette/sync.js:238:19
TimedPromise@chrome://remote/content/marionette/sync.js:223:10
interaction.flushEventLoop@chrome://remote/content/marionette/interaction.js:431:10
webdriverClickElement@chrome://remote/content/marionette/interaction.js:179:31
1630204950455	Marionette	WARN	TimedPromise timed out after 500 ms: stacktrace:
TimedPromise/<@chrome://remote/content/marionette/sync.js:238:19
TimedPromise@chrome://remote/content/marionette/sync.js:223:10
interaction.flushEventLoop@chrome://remote/content/marionette/interaction.js:431:10
webdriverClickElement@chrome://remote/content/marionette/interaction.js:179:31
1630204957846	Marionette	WARN	TimedPromise timed out after 500 ms: stacktrace:
TimedPromise/<@chrome://remote/content/marionette/sync.js:238:19
TimedPromise@chrome://remote/content/marionette/sync.js:223:10
interaction.flushEventLoop@chrome://remote/content/marionette/interaction.js:431:10
webdriverClickElement@chrome://remote/content/marionette/interaction.js:179:31
1630204959158	Marionette	WARN	TimedPromise timed out after 500 ms: stacktrace:
TimedPromise/<@chrome://remote/content/marionette/sync.js:238:19
TimedPromise@chrome://remote/content/marionette/sync.js:223:10
interaction.flushEventLoop@chrome://remote/content/marionette/interaction.js:431:10
webdriverClickElement@chrome://remote/content/marionette/interaction.js:179:31
1630204971851	Marionette	WARN	TimedPromise timed out after 500 ms: stacktrace:
TimedPromise/<@chrome://remote/content/marionette/sync.js:238:19
TimedPromise@chrome://remote/content/marionette/sync.js:223:10
interaction.flushEventLoop@chrome://remote/content/marionette/interaction.js:431:10
webdriverClickElement@chrome://remote/content/marionette/interaction.js:179:31
1630204973118	Marionette	WARN	TimedPromise timed out after 500 ms: stacktrace:
TimedPromise/<@chrome://remote/content/marionette/sync.js:238:19
TimedPromise@chrome://remote/content/marionette/sync.js:223:10
interaction.flushEventLoop@chrome://remote/content/marionette/interaction.js:431:10
webdriverClickElement@chrome://remote/content/marionette/interaction.js:179:31
1630204974424	Marionette	WARN	TimedPromise timed out after 500 ms: stacktrace:
TimedPromise/<@chrome://remote/content/marionette/sync.js:238:19
TimedPromise@chrome://remote/content/marionette/sync.js:223:10
interaction.flushEventLoop@chrome://remote/content/marionette/interaction.js:431:10
webdriverClickElement@chrome://remote/content/marionette/interaction.js:179:31
1630204975691	Marionette	WARN	TimedPromise timed out after 500 ms: stacktrace:
TimedPromise/<@chrome://remote/content/marionette/sync.js:238:19
TimedPromise@chrome://remote/content/marionette/sync.js:223:10
interaction.flushEventLoop@chrome://remote/content/marionette/interaction.js:431:10
webdriverClickElement@chrome://remote/content/marionette/interaction.js:179:31
1630204977039	Marionette	WARN	TimedPromise timed out after 500 ms: stacktrace:
TimedPromise/<@chrome://remote/content/marionette/sync.js:238:19
TimedPromise@chrome://remote/content/marionette/sync.js:223:10
interaction.flushEventLoop@chrome://remote/content/marionette/interaction.js:431:10
webdriverClickElement@chrome://remote/content/marionette/interaction.js:179:31
1630205015883	Marionette	WARN	TimedPromise timed out after 500 ms: stacktrace:
TimedPromise/<@chrome://remote/content/marionette/sync.js:238:19
TimedPromise@chrome://remote/content/marionette/sync.js:223:10
interaction.flushEventLoop@chrome://remote/content/marionette/interaction.js:431:10
webdriverClickElement@chrome://remote/content/marionette/interaction.js:179:31
1630205017135	Marionette	WARN	TimedPromise timed out after 500 ms: stacktrace:
TimedPromise/<@chrome://remote/content/marionette/sync.js:238:19
TimedPromise@chrome://remote/content/marionette/sync.js:223:10
interaction.flushEventLoop@chrome://remote/content/marionette/interaction.js:431:10
webdriverClickElement@chrome://remote/content/marionette/interaction.js:179:31
1630205028559	Marionette	WARN	TimedPromise timed out after 500 ms: stacktrace:
TimedPromise/<@chrome://remote/content/marionette/sync.js:238:19
TimedPromise@chrome://remote/content/marionette/sync.js:223:10
interaction.flushEventLoop@chrome://remote/content/marionette/interaction.js:431:10
webdriverClickElement@chrome://remote/content/marionette/interaction.js:179:31
1630205029808	Marionette	WARN	TimedPromise timed out after 500 ms: stacktrace:
TimedPromise/<@chrome://remote/content/marionette/sync.js:238:19
TimedPromise@chrome://remote/content/marionette/sync.js:223:10
interaction.flushEventLoop@chrome://remote/content/marionette/interaction.js:431:10
webdriverClickElement@chrome://remote/content/marionette/interaction.js:179:31
1630205038816	Marionette	WARN	TimedPromise timed out after 500 ms: stacktrace:
TimedPromise/<@chrome://remote/content/marionette/sync.js:238:19
TimedPromise@chrome://remote/content/marionette/sync.js:223:10
interaction.flushEventLoop@chrome://remote/content/marionette/interaction.js:431:10
webdriverClickElement@chrome://remote/content/marionette/interaction.js:179:31
1630205307227	Marionette	INFO	Stopped listening on port 63997
JavaScript error: resource:///modules/Interactions.jsm, line 209: NS_ERROR_FAILURE: Component returned failure code: 0x80004005 (NS_ERROR_FAILURE) [nsIUserIdleService.removeIdleObserver]
JavaScript error: chrome://remote/content/marionette/cert.js, line 55: NS_ERROR_NOT_AVAILABLE: Component returned failure code: 0x80040111 (NS_ERROR_NOT_AVAILABLE) [nsICertOverrideService.setDisableAllSecurityChecksAndLetAttackersInterceptMyData]

###!!! [Parent][RunMessage] Error: Channel closing: too late to send/recv, messages will be lost

1630205878108	geckodriver	INFO	Listening on 127.0.0.1:57993
1630206925352	geckodriver	INFO	Listening on 127.0.0.1:61900
1630206930071	mozrunner::runner	INFO	Running command: "Users\\aesc\\Library\\Application Support\\Firefox" "--marionette" "-headless" "-foreground" "-no-remote" "-profile" "Profiles\\pc68n4mg.Standard-Benutzer-1642114627719
*** You are running in headless mode.
1630206930216	Marionette	INFO	Marionette enabled
[GFX1-]: RenderCompositorSWGL failed mapping default framebuffer, no dt
console.log: WebExtensions: reset-default-search: starting.
console.log: WebExtensions: reset-default-search: has already ran once and saw panel, exit.
1630206930985	Marionette	INFO	Listening on port 61908
console.log: WebExtensions: reset-default-search: starting.
console.log: WebExtensions: reset-default-search: has already ran once and saw panel, exit.
1630206931100	RemoteAgent	WARN	TLS certificate errors will be ignored for this session
JavaScript warning: https://www.tradingview.com/static/bundles/313.4fc946359c3371983dde.js, line 11: unreachable code after return statement
